<?xml version="1.0" encoding="UTF-8"?>
<!-- Generated by org.testng.reporters.JUnitReportReporter -->
<testsuite skipped="0" hostname="NATARAJAN" name="com.yesmsystems.automationframework.testcases.TestCase1" tests="1" failures="0" timestamp="03 Jul 2018 01:26:50 GMT" time="11.889" errors="0">
  <testcase name="tc1" time="11.889" classname="com.yesmsystems.automationframework.testcases.TestCase1"/>
</testsuite> <!-- com.yesmsystems.automationframework.testcases.TestCase1 -->
